<?xml version="1.0" encoding="utf-8"?><testsuites name="pytest tests"><testsuite name="pytest" errors="0" failures="0" skipped="1" tests="86" time="9.111" timestamp="2026-04-02T10:14:15.346029+05:30" hostname="Muruga"><testcase classname="tests.test_action_policy" name="test_registry_has_core_tools" time="0.001" /><testcase classname="tests.test_action_policy" name="test_policy_blocks_unknown_tool" time="0.000" /><testcase classname="tests.test_action_policy" name="test_policy_blocks_when_billing_paused_for_sell_stock" time="0.000" /><testcase classname="tests.test_action_policy" name="test_policy_critical_invoice_propose" time="0.000" /><testcase classname="tests.test_action_policy" name="test_policy_customer_blocked" time="0.000" /><testcase classname="tests.test_action_policy" name="test_duplicate_register_raises" time="0.000" /><testcase classname="tests.test_analytics" name="test_revenue_and_gst_windows" time="0.187" /><testcase classname="tests.test_analytics" name="test_low_stock_list" time="0.013" /><testcase classname="tests.test_analytics" name="test_sales_analytics_trigger_phrases" time="0.000" /><testcase classname="tests.test_analytics" name="test_dashboard_summary_admin_ok" time="0.231" /><testcase classname="tests.test_analytics" name="test_dashboard_forbidden_for_non_admin" time="0.031" /><testcase classname="tests.test_analytics" name="test_dashboard_command_center_admin_ok" time="0.011" /><testcase classname="tests.test_command_center" name="test_user_requests_command_center" time="0.000" /><testcase classname="tests.test_command_center" name="test_classify_gstr1_followup_window" time="0.003" /><testcase classname="tests.test_command_center" name="test_classify_missed_meeting_date" time="0.002" /><testcase classname="tests.test_command_center" name="test_routine_brief_command_center_short_narrative" time="0.003" /><testcase classname="tests.test_compliance_phase5" name="test_deadline_for_month_february" time="0.000" /><testcase classname="tests.test_compliance_phase5" name="test_days_until_and_external_ref" time="0.000" /><testcase classname="tests.test_compliance_phase5" name="test_list_upcoming_statutory_context_shape" time="0.000" /><testcase classname="tests.test_compliance_phase5" name="test_planning_note_text_for_orchestrator" time="0.000" /><testcase classname="tests.test_compliance_phase5" name="test_classify_email_intelligence_heuristic_maps_tax" time="0.001" /><testcase classname="tests.test_compliance_phase5" name="test_classify_email_intelligence_spam_is_none" time="0.000" /><testcase classname="tests.test_compliance_phase5" name="test_filing_done_status_tokens" time="0.001" /><testcase classname="tests.test_economics_service" name="test_get_business_margin_without_database" time="0.000" /><testcase classname="tests.test_economics_service" name="test_build_business_snapshot_without_database" time="0.001" /><testcase classname="tests.test_economics_service" name="test_daily_sales_target_env" time="0.000" /><testcase classname="tests.test_factory_os" name="test_stage_labels" time="0.000" /><testcase classname="tests.test_factory_os" name="test_revival_cost_estimate_from_asset" time="0.034" /><testcase classname="tests.test_factory_os" name="test_billing_guard_roundtrip" time="0.028" /><testcase classname="tests.test_factory_os" name="test_assign_staff_same_org" time="0.036" /><testcase classname="tests.test_factory_os" name="test_stage2_failure_blocks_sale_and_triggers_emergency_hook" time="0.032" /><testcase classname="tests.test_health_routes" name="test_health_live_ok" time="0.012" /><testcase classname="tests.test_health_routes" name="test_health_ready_shape" time="0.015" /><testcase classname="tests.test_idempotency_db" name="test_claim_then_duplicate" time="0.011" /><testcase classname="tests.test_idempotency_db" name="test_release_allows_retry" time="0.009" /><testcase classname="tests.test_integration_billing" name="test_mock_ai_sell_intent_reduces_stock_and_creates_bill" time="0.020" /><testcase classname="tests.test_integration_billing" name="test_gst_one_unit_total_118" time="0.016" /><testcase classname="tests.test_integration_billing" name="test_interstate_uses_igst_not_cgst_sgst" time="0.073" /><testcase classname="tests.test_integration_billing" name="test_fractional_quantity_rejected_cleanly" time="0.011" /><testcase classname="tests.test_integration_billing" name="test_negative_quantity_rejected" time="0.009" /><testcase classname="tests.test_integration_billing" name="test_sell_stock_pydantic_rejects_fractional_quantity" time="0.001" /><testcase classname="tests.test_integration_billing" name="test_concurrent_last_unit_only_one_succeeds" time="0.067" /><testcase classname="tests.test_integration_billing" name="test_insufficient_stock_returns_error_not_exception" time="0.015" /><testcase classname="tests.test_integration_billing" name="test_ambiguous_sku_without_location_returns_error" time="0.013" /><testcase classname="tests.test_integration_billing" name="test_unknown_sku_returns_error" time="0.013" /><testcase classname="tests.test_integration_billing" name="test_sale_intent_heuristic_parses_simple_phrase" time="0.000" /><testcase classname="tests.test_integration_billing" name="test_early_veto_fractional_without_api_keys" time="0.003" /><testcase classname="tests.test_integration_billing" name="test_early_veto_negative_without_api_keys" time="0.002" /><testcase classname="tests.test_jarvis_compliance" name="test_classify_government_tax" time="0.000" /><testcase classname="tests.test_jarvis_compliance" name="test_classify_customer_order" time="0.000" /><testcase classname="tests.test_jarvis_compliance" name="test_jarvis_emergency_gov_notice" time="0.000" /><testcase classname="tests.test_jarvis_compliance" name="test_jarvis_not_emergency_generic_order" time="0.000" /><testcase classname="tests.test_jarvis_compliance" name="test_jarvis_emergency_urgent_order_subject" time="0.000" /><testcase classname="tests.test_jarvis_compliance" name="test_statutory_line_intra_state" time="0.000" /><testcase classname="tests.test_jarvis_compliance" name="test_statutory_line_inter_state" time="0.000" /><testcase classname="tests.test_jarvis_compliance" name="test_format_invoice_statutory_text" time="0.000" /><testcase classname="tests.test_life_os" name="test_personal_crypto_roundtrip" time="0.167" /><testcase classname="tests.test_life_os" name="test_daily_flow_phrases" time="0.001" /><testcase classname="tests.test_life_os" name="test_append_life_os_skips_without_user" time="0.000" /><testcase classname="tests.test_migration_sql" name="test_iter_statements_splits_simple" time="0.010" /><testcase classname="tests.test_migration_sql" name="test_iter_statements_skips_comment_only" time="0.000" /><testcase classname="tests.test_policy_enforcement" name="test_sell_stock_403_when_policy_blocks_customer_role" time="0.028" /><testcase classname="tests.test_policy_enforcement" name="test_retail_sell_endpoint_403_customer_jwt" time="0.033" /><testcase classname="tests.test_policy_enforcement" name="test_retail_sell_owner_allowed_when_policy_allows" time="0.035" /><testcase classname="tests.test_production_safety" name="test_production_forbids_auth_disabled" time="0.001" /><testcase classname="tests.test_production_safety" name="test_production_forbids_auth_disabled_truthy_strings" time="0.001" /><testcase classname="tests.test_production_safety" name="test_thiramai_env_production_alias" time="0.001" /><testcase classname="tests.test_production_safety" name="test_non_production_allows_auth_disabled" time="0.000" /><testcase classname="tests.test_security_limits" name="test_chat_query_401_without_bearer" time="0.011" /><testcase classname="tests.test_security_limits" name="test_chat_query_401_expired_jwt" time="0.014" /><testcase classname="tests.test_security_limits" name="test_chat_query_401_invalid_jwt" time="0.014" /><testcase classname="tests.test_security_limits" name="test_chat_query_403_customer_sell_phrase" time="0.017" /><testcase classname="tests.test_security_limits" name="test_chat_query_429_after_five_requests_same_user" time="0.084" /><testcase classname="tests.test_security_limits" name="test_sell_stock_model_rejects_negative_quantity" time="0.001" /><testcase classname="tests.test_smoke" name="test_app_import" time="0.000" /><testcase classname="tests.test_smoke" name="test_health_root" time="0.012" /><testcase classname="tests.test_smoke" name="test_root_spa_html_without_json_accept" time="0.015" /><testcase classname="tests.test_sre_services" name="test_hash_password_verify_roundtrip" time="1.788" /><testcase classname="tests.test_sre_services" name="test_gst_breakdown_intra_state" time="0.000" /><testcase classname="tests.test_sre_services" name="test_gst_breakdown_inter_state_igst" time="0.000" /><testcase classname="tests.test_sre_services" name="test_predictive_forecast_numeric_no_data" time="0.001" /><testcase classname="tests.test_sre_services" name="test_predictive_compute_forecasts_raises_without_database_url" time="0.002" /><testcase classname="tests.test_sre_services" name="test_predictive_compute_forecasts_empty_db_rows_no_crash" time="0.007" /><testcase classname="tests.test_stress_concurrent_sells" name="test_100_serial_sells_consistent_stock_and_bills" time="2.845" /><testcase classname="tests.test_stress_concurrent_sells" name="test_100_concurrent_sells_postgres_serializes_row" time="0.000"><skipped type="pytest.skip" message="Set THIRAMAI_STRESS_DATABASE_URL (PostgreSQL) to run 100-thread concurrent sell stress">C:\Users\murug\OneDrive\Desktop\DOCUMENT\Projects\THIRAMAI_GENESIS\tests\test_stress_concurrent_sells.py:101: Set THIRAMAI_STRESS_DATABASE_URL (PostgreSQL) to run 100-thread concurrent sell stress</skipped></testcase><testcase classname="tests.test_stress_concurrent_sells" name="test_two_thread_last_unit_still_validates_locking_pattern" time="0.101" /></testsuite></testsuites>